<?xml version="1.0" encoding="UTF-8"?>
<!-- Generated by org.testng.reporters.JUnitReportReporter -->
<testsuite skipped="0" hostname="Gourav" name="FlightPriceCompare.FlightPriceCompare.PriceComparatorTest" tests="1" failures="0" timestamp="14 Aug 2023 18:39:02 GMT" time="112.548" errors="0">
  <testcase name="comparePrice" time="112.548" classname="FlightPriceCompare.FlightPriceCompare.PriceComparatorTest"/>
</testsuite> <!-- FlightPriceCompare.FlightPriceCompare.PriceComparatorTest -->
